\BOOKMARK [0][-]{chapter.1}{Introduction}{}% 1
\BOOKMARK [1][-]{section.1.1}{Motivation}{chapter.1}% 2
\BOOKMARK [1][-]{section.1.2}{Project}{chapter.1}% 3
\BOOKMARK [2][-]{subsection.1.2.1}{Searching}{section.1.2}% 4
\BOOKMARK [2][-]{subsection.1.2.2}{Instrument Classification}{section.1.2}% 5
\BOOKMARK [2][-]{subsection.1.2.3}{Rate Yourself}{section.1.2}% 6
\BOOKMARK [0][-]{chapter.2}{Project Specification}{}% 7
\BOOKMARK [1][-]{section.2.1}{Group Work}{chapter.2}% 8
\BOOKMARK [1][-]{section.2.2}{Working Environment}{chapter.2}% 9
\BOOKMARK [2][-]{subsection.2.2.1}{Source Code}{section.2.2}% 10
\BOOKMARK [1][-]{section.2.3}{Related Work}{chapter.2}% 11
\BOOKMARK [1][-]{section.2.4}{Problem Analysis}{chapter.2}% 12
\BOOKMARK [2][-]{subsection.2.4.1}{Feature Extraction}{section.2.4}% 13
\BOOKMARK [2][-]{subsection.2.4.2}{Semi-Real-Time System}{section.2.4}% 14
\BOOKMARK [0][-]{chapter.3}{Implementation}{}% 15
\BOOKMARK [1][-]{section.3.1}{Instrument Classification}{chapter.3}% 16
\BOOKMARK [2][-]{subsection.3.1.1}{MFCCs}{section.3.1}% 17
\BOOKMARK [2][-]{subsection.3.1.2}{GUI}{section.3.1}% 18
\BOOKMARK [1][-]{section.3.2}{Searching}{chapter.3}% 19
\BOOKMARK [2][-]{subsection.3.2.1}{GUI}{section.3.2}% 20
\BOOKMARK [1][-]{section.3.3}{Rating Plays}{chapter.3}% 21
\BOOKMARK [2][-]{subsection.3.3.1}{GUI}{section.3.3}% 22
\BOOKMARK [0][-]{chapter.4}{Discussion}{}% 23
\BOOKMARK [1][-]{section.4.1}{Contribution}{chapter.4}% 24
\BOOKMARK [1][-]{section.4.2}{Reflection and Future Work}{chapter.4}% 25
\BOOKMARK [0][-]{chapter.5}{Conclusion}{}% 26
\BOOKMARK [0][-]{appendix*.3}{Bibliography}{}% 27
